<?xml version="1.0" encoding="UTF-8"?>
<testng-results skipped="0" failed="1" total="2" passed="1">
  <reporter-output>
  </reporter-output>
  <suite name="Building" duration-ms="69711" started-at="2020-02-06T06:54:37Z" finished-at="2020-02-06T06:55:47Z">
    <groups>
      <group name="Sanity">
        <method signature="LoginIntoArcTest.LoginIntoArc(int, java.lang.String)[pri:0, instance:com.arc.Building.LoginIntoArcTest@6bf256fa]" name="LoginIntoArc" class="com.arc.Building.LoginIntoArcTest"/>
      </group> <!-- Sanity -->
      <group name="Sanity,Regression">
        <method signature="AddNewProjectTest.AddNewProject(java.lang.String, int)[pri:0, instance:com.arc.Building.AddNewProjectTest@6cd8737]" name="AddNewProject" class="com.arc.Building.AddNewProjectTest"/>
      </group> <!-- Sanity,Regression -->
    </groups>
    <test name="BuildingTest" duration-ms="69711" started-at="2020-02-06T06:54:37Z" finished-at="2020-02-06T06:55:47Z">
      <class name="com.arc.Building.AddNewProjectTest">
        <test-method status="PASS" signature="ExtentReportConfig(org.testng.ITestContext)[pri:0, instance:com.arc.Building.AddNewProjectTest@6cd8737]" name="ExtentReportConfig" is-config="true" duration-ms="1" started-at="2020-02-06T12:25:11Z" finished-at="2020-02-06T12:25:11Z">
          <params>
            <param index="0">
              <value>
                <![CDATA[org.testng.TestRunner@6d5037a9]]>
              </value>
            </param>
          </params>
          <reporter-output>
          </reporter-output>
        </test-method> <!-- ExtentReportConfig -->
        <test-method status="FAIL" signature="AddNewProject(java.lang.String, int)[pri:0, instance:com.arc.Building.AddNewProjectTest@6cd8737]" name="AddNewProject" duration-ms="33917" depends-on-groups="Sanity" started-at="2020-02-06T12:25:11Z" description="Verify if user is able to register the Project" finished-at="2020-02-06T12:25:45Z">
          <params>
            <param index="0">
              <value>
                <![CDATA[USBuildingProject]]>
              </value>
            </param>
            <param index="1">
              <value>
                <![CDATA[2]]>
              </value>
            </param>
          </params>
          <exception class="java.lang.RuntimeException">
            <message>
              <![CDATA[org.openqa.selenium.TimeoutException: Expected condition failed: waiting for presence of element located by: By.xpath: OrgClick (tried for 30 second(s) with 500 milliseconds interval)]]>
            </message>
            <full-stacktrace>
              <![CDATA[java.lang.RuntimeException: org.openqa.selenium.TimeoutException: Expected condition failed: waiting for presence of element located by: By.xpath: OrgClick (tried for 30 second(s) with 500 milliseconds interval)
	at com.arc.Building.AddNewProjectTest.AddNewProject(AddNewProjectTest.java:17)
	at sun.reflect.NativeMethodAccessorImpl.invoke0(Native Method)
	at sun.reflect.NativeMethodAccessorImpl.invoke(NativeMethodAccessorImpl.java:62)
	at sun.reflect.DelegatingMethodAccessorImpl.invoke(DelegatingMethodAccessorImpl.java:43)
	at java.lang.reflect.Method.invoke(Method.java:498)
	at org.testng.internal.MethodInvocationHelper.invokeMethod(MethodInvocationHelper.java:86)
	at org.testng.internal.Invoker.invokeMethod(Invoker.java:645)
	at org.testng.internal.Invoker.invokeTestMethod(Invoker.java:822)
	at org.testng.internal.Invoker.invokeTestMethods(Invoker.java:1130)
	at org.testng.internal.TestMethodWorker.invokeTestMethods(TestMethodWorker.java:129)
	at org.testng.internal.TestMethodWorker.run(TestMethodWorker.java:112)
	at org.testng.TestRunner.privateRun(TestRunner.java:782)
	at org.testng.TestRunner.run(TestRunner.java:632)
	at org.testng.SuiteRunner.runTest(SuiteRunner.java:366)
	at org.testng.SuiteRunner.runSequentially(SuiteRunner.java:361)
	at org.testng.SuiteRunner.privateRun(SuiteRunner.java:319)
	at org.testng.SuiteRunner.run(SuiteRunner.java:268)
	at org.testng.SuiteRunnerWorker.runSuite(SuiteRunnerWorker.java:52)
	at org.testng.SuiteRunnerWorker.run(SuiteRunnerWorker.java:86)
	at org.testng.TestNG.runSuitesSequentially(TestNG.java:1244)
	at org.testng.TestNG.runSuitesSequentially(TestNG.java:1240)
	at org.testng.TestNG.runSuitesLocally(TestNG.java:1169)
	at org.testng.TestNG.run(TestNG.java:1064)
	at org.testng.remote.RemoteTestNG.run(RemoteTestNG.java:113)
	at org.testng.remote.RemoteTestNG.initAndRun(RemoteTestNG.java:206)
	at org.testng.remote.RemoteTestNG.main(RemoteTestNG.java:177)
Caused by: org.openqa.selenium.TimeoutException: Expected condition failed: waiting for presence of element located by: By.xpath: OrgClick (tried for 30 second(s) with 500 milliseconds interval)
	at org.openqa.selenium.support.ui.WebDriverWait.timeoutException(WebDriverWait.java:95)
	at org.openqa.selenium.support.ui.FluentWait.until(FluentWait.java:272)
	at com.arc.ReusableMethods.ReusableMethodsAddNewProject.AddNewProject(ReusableMethodsAddNewProject.java:54)
	at com.arc.Building.AddNewProjectTest.AddNewProject(AddNewProjectTest.java:14)
	... 25 more
Caused by: org.openqa.selenium.NoSuchElementException: Unable to locate element: OrgClick
For documentation on this error, please visit: https://www.seleniumhq.org/exceptions/no_such_element.html
Build info: version: '3.141.59', revision: 'e82be7d358', time: '2018-11-14T08:17:03'
System info: host: 'G10GGNLT052', ip: '172.18.0.167', os.name: 'Windows 10', os.arch: 'amd64', os.version: '10.0', java.version: '1.8.0_201'
Driver info: org.openqa.selenium.firefox.FirefoxDriver
Capabilities {acceptInsecureCerts: true, browserName: firefox, browserVersion: 72.0.2, javascriptEnabled: true, moz:accessibilityChecks: false, moz:buildID: 20200117190643, moz:geckodriverVersion: 0.26.0, moz:headless: false, moz:processID: 17044, moz:profile: C:\Users\Group10.G10GGNLT05..., moz:shutdownTimeout: 60000, moz:useNonSpecCompliantPointerOrigin: false, moz:webdriverClick: true, pageLoadStrategy: normal, platform: WINDOWS, platformName: WINDOWS, platformVersion: 10.0, rotatable: false, setWindowRect: true, strictFileInteractability: false, timeouts: {implicit: 0, pageLoad: 300000, script: 30000}, unhandledPromptBehavior: dismiss and notify}
Session ID: eb275424-5dd0-46f8-976c-18ff559ed4a5
*** Element info: {Using=xpath, value=OrgClick}
	at sun.reflect.NativeConstructorAccessorImpl.newInstance0(Native Method)
	at sun.reflect.NativeConstructorAccessorImpl.newInstance(NativeConstructorAccessorImpl.java:62)
	at sun.reflect.DelegatingConstructorAccessorImpl.newInstance(DelegatingConstructorAccessorImpl.java:45)
	at java.lang.reflect.Constructor.newInstance(Constructor.java:423)
	at org.openqa.selenium.remote.http.W3CHttpResponseCodec.createException(W3CHttpResponseCodec.java:187)
	at org.openqa.selenium.remote.http.W3CHttpResponseCodec.decode(W3CHttpResponseCodec.java:122)
	at org.openqa.selenium.remote.http.W3CHttpResponseCodec.decode(W3CHttpResponseCodec.java:49)
	at org.openqa.selenium.remote.HttpCommandExecutor.execute(HttpCommandExecutor.java:158)
	at org.openqa.selenium.remote.service.DriverCommandExecutor.execute(DriverCommandExecutor.java:83)
	at org.openqa.selenium.remote.RemoteWebDriver.execute(RemoteWebDriver.java:552)
	at org.openqa.selenium.remote.RemoteWebDriver.findElement(RemoteWebDriver.java:323)
	at org.openqa.selenium.remote.RemoteWebDriver.findElementByXPath(RemoteWebDriver.java:428)
	at org.openqa.selenium.By$ByXPath.findElement(By.java:353)
	at org.openqa.selenium.remote.RemoteWebDriver.findElement(RemoteWebDriver.java:315)
	at org.openqa.selenium.support.ui.ExpectedConditions$6.apply(ExpectedConditions.java:182)
	at org.openqa.selenium.support.ui.ExpectedConditions$6.apply(ExpectedConditions.java:179)
	at org.openqa.selenium.support.ui.FluentWait.until(FluentWait.java:249)
	... 27 more
]]>
            </full-stacktrace>
          </exception> <!-- java.lang.RuntimeException -->
          <reporter-output>
          </reporter-output>
        </test-method> <!-- AddNewProject -->
      </class> <!-- com.arc.Building.AddNewProjectTest -->
      <class name="com.arc.Building.LoginIntoArcTest">
        <test-method status="PASS" signature="setup()[pri:0, instance:com.arc.Building.LoginIntoArcTest@6bf256fa]" name="setup" is-config="true" duration-ms="24542" started-at="2020-02-06T12:24:13Z" finished-at="2020-02-06T12:24:37Z">
          <reporter-output>
          </reporter-output>
        </test-method> <!-- setup -->
        <test-method status="PASS" signature="ExtentReportConfig(org.testng.ITestContext)[pri:0, instance:com.arc.Building.LoginIntoArcTest@6bf256fa]" name="ExtentReportConfig" is-config="true" duration-ms="113" started-at="2020-02-06T12:24:37Z" finished-at="2020-02-06T12:24:38Z">
          <params>
            <param index="0">
              <value>
                <![CDATA[org.testng.TestRunner@6d5037a9]]>
              </value>
            </param>
          </params>
          <reporter-output>
          </reporter-output>
        </test-method> <!-- ExtentReportConfig -->
        <test-method status="PASS" signature="LoginIntoArc(int, java.lang.String)[pri:0, instance:com.arc.Building.LoginIntoArcTest@6bf256fa]" name="LoginIntoArc" duration-ms="33114" started-at="2020-02-06T12:24:38Z" description="Verify if user is able to login with Valid UserName and password" finished-at="2020-02-06T12:25:11Z">
          <params>
            <param index="0">
              <value>
                <![CDATA[2]]>
              </value>
            </param>
            <param index="1">
              <value>
                <![CDATA[Login]]>
              </value>
            </param>
          </params>
          <reporter-output>
          </reporter-output>
        </test-method> <!-- LoginIntoArc -->
        <test-method status="PASS" signature="end()[pri:0, instance:com.arc.Building.LoginIntoArcTest@6bf256fa]" name="end" is-config="true" duration-ms="2491" started-at="2020-02-06T12:25:47Z" finished-at="2020-02-06T12:25:50Z">
          <reporter-output>
          </reporter-output>
        </test-method> <!-- end -->
      </class> <!-- com.arc.Building.LoginIntoArcTest -->
    </test> <!-- BuildingTest -->
  </suite> <!-- Building -->
  <suite name="MasterTestNg" duration-ms="0" started-at="2020-02-06T06:55:50Z" finished-at="2020-02-06T06:55:50Z">
    <groups>
    </groups>
  </suite> <!-- MasterTestNg -->
</testng-results>
